[0m[[0m[0mdebug[0m] [0m[0m> Exec(;Test/compile; collectAnalyses, None, Some(CommandSource(network-1)))[0m
[0m[[0m[0mdebug[0m] [0m[0mjsonRpcNotify: JsonRpcNotificationMessage(2.0, build/logMessage, {"type":4,"message":"Processing"})[0m
[0m[[0m[0mdebug[0m] [0m[0mjsonRpcNotify: JsonRpcNotificationMessage(2.0, build/logMessage, {"type":4,"message":"Done"})[0m
[0m[[0m[0mdebug[0m] [0m[0m> Exec(Test/compile, None, Some(CommandSource(network-1)))[0m
[0m[[0m[0mdebug[0m] [0m[0mjsonRpcNotify: JsonRpcNotificationMessage(2.0, build/logMessage, {"type":4,"message":"Processing"})[0m
[0m[[0m[0mdebug[0m] [0m[0mEvaluating tasks: Test / compile[0m
[0m[[0m[0mdebug[0m] [0m[0mRunning task... Cancel: Signal, check cycles: false, forcegc: true[0m
[0m[[0m[0mdebug[0m] [0m[0mjsonRpcNotify: JsonRpcNotificationMessage(2.0, build/taskStart, {"taskId":{"id":"65","parents":[]},"eventTime":1617846817922,"message":"Compiling blurgle","dataKind":"compile-task","data":{"target":{"uri":"file:/home/alainaf/theprojects/blurgle/blurgle/#blurgle/Compile"}}})[0m
[0m[[0m[0mdebug[0m] [0m[0mjsonRpcNotify: JsonRpcNotificationMessage(2.0, build/publishDiagnostics, {"textDocument":{"uri":"file:///home/alainaf/theprojects/blurgle/blurgle/src/main/scala/Main.scala"},"buildTarget":{"uri":"file:/home/alainaf/theprojects/blurgle/blurgle/#blurgle/Compile"},"diagnostics":[],"reset":true})[0m
[0m[[0m[0mdebug[0m] [0m[0mjsonRpcNotify: JsonRpcNotificationMessage(2.0, build/publishDiagnostics, {"textDocument":{"uri":"file:///home/alainaf/theprojects/blurgle/blurgle/src/main/scala/Blurgling.scala"},"buildTarget":{"uri":"file:/home/alainaf/theprojects/blurgle/blurgle/#blurgle/Compile"},"diagnostics":[],"reset":true})[0m
[0m[[0m[0mdebug[0m] [0m[0mjsonRpcNotify: JsonRpcNotificationMessage(2.0, build/taskFinish, {"taskId":{"id":"65","parents":[]},"eventTime":1617846817931,"message":"Compiled blurgle","status":1,"dataKind":"compile-report","data":{"target":{"uri":"file:/home/alainaf/theprojects/blurgle/blurgle/#blurgle/Compile"},"errors":0,"warnings":0,"time":9}})[0m
[0m[[0m[0mdebug[0m] [0m[0mjsonRpcNotify: JsonRpcNotificationMessage(2.0, build/taskStart, {"taskId":{"id":"66","parents":[]},"eventTime":1617846817936,"message":"Compiling blurgle-test","dataKind":"compile-task","data":{"target":{"uri":"file:/home/alainaf/theprojects/blurgle/blurgle/#blurgle/Test"}}})[0m
[0m[[0m[0mdebug[0m] [0m[0mjsonRpcNotify: JsonRpcNotificationMessage(2.0, build/taskFinish, {"taskId":{"id":"66","parents":[]},"eventTime":1617846817942,"message":"Compiled blurgle-test","status":1,"dataKind":"compile-report","data":{"target":{"uri":"file:/home/alainaf/theprojects/blurgle/blurgle/#blurgle/Test"},"errors":0,"warnings":0,"time":6}})[0m
[0m[[0m[32msuccess[0m] [0m[0mTotal time: 0 s, completed Apr 7, 2021 9:53:37 PM[0m
[0m[[0m[0mdebug[0m] [0m[0mjsonRpcNotify: JsonRpcNotificationMessage(2.0, build/logMessage, {"type":4,"message":"Done"})[0m
[0m[[0m[0mdebug[0m] [0m[0m> Exec(collectAnalyses, None, Some(CommandSource(network-1)))[0m
[0m[[0m[0mdebug[0m] [0m[0mjsonRpcNotify: JsonRpcNotificationMessage(2.0, build/logMessage, {"type":4,"message":"Processing"})[0m
[0m[[0m[0mdebug[0m] [0m[0mEvaluating tasks: Compile / collectAnalyses[0m
[0m[[0m[0mdebug[0m] [0m[0mRunning task... Cancel: Signal, check cycles: false, forcegc: true[0m
[0m[[0m[0mdebug[0m] [0m[0manalysis location (/home/alainaf/theprojects/blurgle/blurgle/target/scala-2.13/zinc/inc_compile_2.13.zip,true)[0m
[0m[[0m[32msuccess[0m] [0m[0mTotal time: 0 s, completed Apr 7, 2021 9:53:38 PM[0m
[0m[[0m[0mdebug[0m] [0m[0mjsonRpcNotify: JsonRpcNotificationMessage(2.0, build/logMessage, {"type":4,"message":"Done"})[0m
[0m[[0m[0mdebug[0m] [0m[0m> Exec(shell, None, None)[0m
[0m[[0m[0mdebug[0m] [0m[0mForcing garbage collection...[0m
