[0m[[0m[0mdebug[0m] [0m[0m> Exec(;Test/compile; collectAnalyses, None, Some(CommandSource(network-1)))[0m
[0m[[0m[0mdebug[0m] [0m[0mjsonRpcNotify: JsonRpcNotificationMessage(2.0, build/logMessage, {"type":4,"message":"Processing"})[0m
[0m[[0m[0mdebug[0m] [0m[0mjsonRpcNotify: JsonRpcNotificationMessage(2.0, build/logMessage, {"type":4,"message":"Done"})[0m
[0m[[0m[0mdebug[0m] [0m[0m> Exec(Test/compile, None, Some(CommandSource(network-1)))[0m
[0m[[0m[0mdebug[0m] [0m[0mjsonRpcNotify: JsonRpcNotificationMessage(2.0, build/logMessage, {"type":4,"message":"Processing"})[0m
[0m[[0m[0mdebug[0m] [0m[0mEvaluating tasks: Test / compile[0m
[0m[[0m[0mdebug[0m] [0m[0mRunning task... Cancel: Signal, check cycles: false, forcegc: true[0m
[0m[[0m[0mdebug[0m] [0m[0mjsonRpcNotify: JsonRpcNotificationMessage(2.0, build/taskStart, {"taskId":{"id":"64","parents":[]},"eventTime":1617846800612,"message":"Compiling blurgle","dataKind":"compile-task","data":{"target":{"uri":"file:/home/alainaf/theprojects/blurgle/blurgle/#blurgle/Compile"}}})[0m
[0m[[0m[0minfo[0m] [0m[0mcompiling 1 Scala source to /home/alainaf/theprojects/blurgle/blurgle/target/scala-2.13/classes ...[0m
[0m[[0m[0mdebug[0m] [0m[0mjsonRpcNotify: JsonRpcNotificationMessage(2.0, build/logMessage, {"type":3,"message":"compiling 1 Scala source to /home/alainaf/theprojects/blurgle/blurgle/target/scala-2.13/classes ..."})[0m
[0m[[0m[0mdebug[0m] [0m[0mjsonRpcNotify: JsonRpcNotificationMessage(2.0, build/publishDiagnostics, {"textDocument":{"uri":"file:///home/alainaf/theprojects/blurgle/blurgle/src/main/scala/Blurgling.scala"},"buildTarget":{"uri":"file:/home/alainaf/theprojects/blurgle/blurgle/#blurgle/Compile"},"diagnostics":[{"range":{"start":{"line":28,"character":12},"end":{"line":28,"character":13}},"severity":1,"source":"sbt","message":"value close is not a member of String"}],"reset":false})[0m
[0m[[0m[31merror[0m] [0m[0m/home/alainaf/theprojects/blurgle/blurgle/src/main/scala/Blurgling.scala:29:13: value close is not a member of String[0m
[0m[[0m[31merror[0m] [0m[0m        coe.close[0m
[0m[[0m[31merror[0m] [0m[0m            ^[0m
[0m[[0m[0mdebug[0m] [0m[0mjsonRpcNotify: JsonRpcNotificationMessage(2.0, build/logMessage, {"type":1,"message":"/home/alainaf/theprojects/blurgle/blurgle/src/main/scala/Blurgling.scala:29:13: value close is not a member of String"})[0m
[0m[[0m[0mdebug[0m] [0m[0mjsonRpcNotify: JsonRpcNotificationMessage(2.0, build/logMessage, {"type":1,"message":"        coe.close"})[0m
[0m[[0m[0mdebug[0m] [0m[0mjsonRpcNotify: JsonRpcNotificationMessage(2.0, build/logMessage, {"type":1,"message":"            ^"})[0m
[0m[[0m[31merror[0m] [0m[0mone error found[0m
[0m[[0m[0mdebug[0m] [0m[0mjsonRpcNotify: JsonRpcNotificationMessage(2.0, build/logMessage, {"type":1,"message":"one error found"})[0m
[0m[[0m[0mdebug[0m] [0m[0mjsonRpcNotify: JsonRpcNotificationMessage(2.0, build/publishDiagnostics, {"textDocument":{"uri":"file:///home/alainaf/theprojects/blurgle/blurgle/src/main/scala/Blurgling.scala"},"buildTarget":{"uri":"file:/home/alainaf/theprojects/blurgle/blurgle/#blurgle/Compile"},"diagnostics":[{"range":{"start":{"line":28,"character":12},"end":{"line":28,"character":13}},"severity":1,"source":"sbt","message":"value close is not a member of String"}],"reset":true})[0m
[0m[[0m[0mdebug[0m] [0m[0mjsonRpcNotify: JsonRpcNotificationMessage(2.0, build/publishDiagnostics, {"textDocument":{"uri":"file:///home/alainaf/theprojects/blurgle/blurgle/src/main/scala/Main.scala"},"buildTarget":{"uri":"file:/home/alainaf/theprojects/blurgle/blurgle/#blurgle/Compile"},"diagnostics":[],"reset":true})[0m
[0m[[0m[0mdebug[0m] [0m[0mjsonRpcNotify: JsonRpcNotificationMessage(2.0, build/taskFinish, {"taskId":{"id":"64","parents":[]},"eventTime":1617846800854,"message":"Compiled blurgle","status":2,"dataKind":"compile-report","data":{"target":{"uri":"file:/home/alainaf/theprojects/blurgle/blurgle/#blurgle/Compile"},"errors":1,"warnings":0,"time":242}})[0m
[0m[[0m[0mdebug[0m] [0m[0mForcing garbage collection...[0m
[0m[[0m[31merror[0m] [0m[0m(Compile / [31mcompileIncremental[0m) Compilation failed[0m
[0m[[0m[0mdebug[0m] [0m[0mjsonRpcNotify: JsonRpcNotificationMessage(2.0, build/logMessage, {"type":1,"message":"(Compile / \u001b[31mcompileIncremental\u001b[0m) Compilation failed"})[0m
[0m[[0m[31merror[0m] [0m[0mTotal time: 1 s, completed Apr 7, 2021 9:53:21 PM[0m
[0m[[0m[0mdebug[0m] [0m[0mjsonRpcNotify: JsonRpcNotificationMessage(2.0, build/logMessage, {"type":4,"message":"Done"})[0m
[0m[[0m[0mdebug[0m] [0m[0m> Exec(shell, None, None)[0m
